<?xml version="1.0" encoding="UTF-8"?>
<!-- Generated by org.testng.reporters.JUnitXMLReporter -->
<testsuite hostname="XIPL0639" name="Default test" tests="10" failures="0" timestamp="16 Sep 2019 08:52:03 GMT" time="0.864" errors="0">
  <testcase name="feature" time="0.212" classname="ustTest.UstRunner$edgeopsApiTestRunner"/>
  <testcase name="feature" time="0.01" classname="ustTest.UstRunner$edgeopsApiTestRunner"/>
  <testcase name="feature" time="0.137" classname="ustTest.UstRunner$edgeopsApiTestRunner"/>
  <testcase name="feature" time="0.003" classname="ustTest.UstRunner$edgeopsApiTestRunner"/>
  <testcase name="feature" time="0.003" classname="ustTest.UstRunner$edgeopsApiTestRunner"/>
  <testcase name="feature" time="0.004" classname="ustTest.UstRunner$edgeopsApiTestRunner"/>
  <testcase name="feature" time="0.003" classname="ustTest.UstRunner$edgeopsApiTestRunner"/>
  <testcase name="feature" time="0.004" classname="ustTest.UstRunner$edgeopsApiTestRunner"/>
  <testcase name="feature" time="0.006" classname="ustTest.UstRunner$edgeopsApiTestRunner"/>
  <testcase name="feature" time="0.005" classname="ustTest.UstRunner$edgeopsApiTestRunner"/>
</testsuite> <!-- Default test -->
