<?xml version="1.0" encoding="UTF-8"?>
<testng-results skipped="0" failed="0" total="10" passed="10">
  <reporter-output>
  </reporter-output>
  <suite name="Default suite" duration-ms="864" started-at="2019-09-16T08:52:02Z" finished-at="2019-09-16T08:52:03Z">
    <groups>
      <group name="cucumber">
        <method signature="AbstractTestNGCucumberTests.feature(cucumber.api.testng.CucumberFeatureWrapper)[pri:0, instance:ustTest.UstRunner$edgeopsApiTestRunner@4b4523f8]" name="feature" class="cucumber.api.testng.AbstractTestNGCucumberTests"/>
      </group> <!-- cucumber -->
    </groups>
    <test name="Default test" duration-ms="864" started-at="2019-09-16T08:52:02Z" finished-at="2019-09-16T08:52:03Z">
      <class name="ustTest.UstRunner$edgeopsApiTestRunner">
        <test-method status="PASS" signature="setUpClass()[pri:0, instance:ustTest.UstRunner$edgeopsApiTestRunner@4b4523f8]" name="setUpClass" is-config="true" duration-ms="148" started-at="2019-09-16T14:22:02Z" finished-at="2019-09-16T14:22:02Z">
          <reporter-output>
          </reporter-output>
        </test-method> <!-- setUpClass -->
        <test-method status="PASS" signature="feature(cucumber.api.testng.CucumberFeatureWrapper)[pri:0, instance:ustTest.UstRunner$edgeopsApiTestRunner@4b4523f8]" name="feature" duration-ms="212" started-at="2019-09-16T14:22:02Z" description="Runs Cucumber Feature" data-provider="features" finished-at="2019-09-16T14:22:02Z">
          <params>
            <param index="0">
              <value>
                <![CDATA[Test Admin details]]>
              </value>
            </param>
          </params>
          <reporter-output>
          </reporter-output>
        </test-method> <!-- feature -->
        <test-method status="PASS" signature="feature(cucumber.api.testng.CucumberFeatureWrapper)[pri:0, instance:ustTest.UstRunner$edgeopsApiTestRunner@4b4523f8]" name="feature" duration-ms="10" started-at="2019-09-16T14:22:02Z" description="Runs Cucumber Feature" data-provider="features" finished-at="2019-09-16T14:22:02Z">
          <params>
            <param index="0">
              <value>
                <![CDATA[Test Finance Info]]>
              </value>
            </param>
          </params>
          <reporter-output>
          </reporter-output>
        </test-method> <!-- feature -->
        <test-method status="PASS" signature="feature(cucumber.api.testng.CucumberFeatureWrapper)[pri:0, instance:ustTest.UstRunner$edgeopsApiTestRunner@4b4523f8]" name="feature" duration-ms="137" started-at="2019-09-16T14:22:02Z" description="Runs Cucumber Feature" data-provider="features" finished-at="2019-09-16T14:22:02Z">
          <params>
            <param index="0">
              <value>
                <![CDATA[Testing]]>
              </value>
            </param>
          </params>
          <reporter-output>
          </reporter-output>
        </test-method> <!-- feature -->
        <test-method status="PASS" signature="feature(cucumber.api.testng.CucumberFeatureWrapper)[pri:0, instance:ustTest.UstRunner$edgeopsApiTestRunner@4b4523f8]" name="feature" duration-ms="3" started-at="2019-09-16T14:22:02Z" description="Runs Cucumber Feature" data-provider="features" finished-at="2019-09-16T14:22:02Z">
          <params>
            <param index="0">
              <value>
                <![CDATA[API Testing]]>
              </value>
            </param>
          </params>
          <reporter-output>
          </reporter-output>
        </test-method> <!-- feature -->
        <test-method status="PASS" signature="feature(cucumber.api.testng.CucumberFeatureWrapper)[pri:0, instance:ustTest.UstRunner$edgeopsApiTestRunner@4b4523f8]" name="feature" duration-ms="3" started-at="2019-09-16T14:22:02Z" description="Runs Cucumber Feature" data-provider="features" finished-at="2019-09-16T14:22:02Z">
          <params>
            <param index="0">
              <value>
                <![CDATA[Test Client Info]]>
              </value>
            </param>
          </params>
          <reporter-output>
          </reporter-output>
        </test-method> <!-- feature -->
        <test-method status="PASS" signature="feature(cucumber.api.testng.CucumberFeatureWrapper)[pri:0, instance:ustTest.UstRunner$edgeopsApiTestRunner@4b4523f8]" name="feature" duration-ms="4" started-at="2019-09-16T14:22:02Z" description="Runs Cucumber Feature" data-provider="features" finished-at="2019-09-16T14:22:02Z">
          <params>
            <param index="0">
              <value>
                <![CDATA[Test company details]]>
              </value>
            </param>
          </params>
          <reporter-output>
          </reporter-output>
        </test-method> <!-- feature -->
        <test-method status="PASS" signature="feature(cucumber.api.testng.CucumberFeatureWrapper)[pri:0, instance:ustTest.UstRunner$edgeopsApiTestRunner@4b4523f8]" name="feature" duration-ms="3" started-at="2019-09-16T14:22:02Z" description="Runs Cucumber Feature" data-provider="features" finished-at="2019-09-16T14:22:02Z">
          <params>
            <param index="0">
              <value>
                <![CDATA[Test customer details]]>
              </value>
            </param>
          </params>
          <reporter-output>
          </reporter-output>
        </test-method> <!-- feature -->
        <test-method status="PASS" signature="feature(cucumber.api.testng.CucumberFeatureWrapper)[pri:0, instance:ustTest.UstRunner$edgeopsApiTestRunner@4b4523f8]" name="feature" duration-ms="4" started-at="2019-09-16T14:22:02Z" description="Runs Cucumber Feature" data-provider="features" finished-at="2019-09-16T14:22:02Z">
          <params>
            <param index="0">
              <value>
                <![CDATA[Test emp details]]>
              </value>
            </param>
          </params>
          <reporter-output>
          </reporter-output>
        </test-method> <!-- feature -->
        <test-method status="PASS" signature="feature(cucumber.api.testng.CucumberFeatureWrapper)[pri:0, instance:ustTest.UstRunner$edgeopsApiTestRunner@4b4523f8]" name="feature" duration-ms="6" started-at="2019-09-16T14:22:02Z" description="Runs Cucumber Feature" data-provider="features" finished-at="2019-09-16T14:22:02Z">
          <params>
            <param index="0">
              <value>
                <![CDATA[validate Amazon]]>
              </value>
            </param>
          </params>
          <reporter-output>
          </reporter-output>
        </test-method> <!-- feature -->
        <test-method status="PASS" signature="feature(cucumber.api.testng.CucumberFeatureWrapper)[pri:0, instance:ustTest.UstRunner$edgeopsApiTestRunner@4b4523f8]" name="feature" duration-ms="5" started-at="2019-09-16T14:22:02Z" description="Runs Cucumber Feature" data-provider="features" finished-at="2019-09-16T14:22:02Z">
          <params>
            <param index="0">
              <value>
                <![CDATA[validate UST]]>
              </value>
            </param>
          </params>
          <reporter-output>
          </reporter-output>
        </test-method> <!-- feature -->
        <test-method status="PASS" signature="tearDownClass()[pri:0, instance:ustTest.UstRunner$edgeopsApiTestRunner@4b4523f8]" name="tearDownClass" is-config="true" duration-ms="253" started-at="2019-09-16T14:22:02Z" finished-at="2019-09-16T14:22:03Z">
          <reporter-output>
          </reporter-output>
        </test-method> <!-- tearDownClass -->
      </class> <!-- ustTest.UstRunner$edgeopsApiTestRunner -->
    </test> <!-- Default test -->
  </suite> <!-- Default suite -->
</testng-results>
