<?xml version="1.0" encoding="UTF-8"?>
<testng-results skipped="0" failed="2" total="10" passed="8">
  <reporter-output>
  </reporter-output>
  <suite name="Default suite" duration-ms="917" started-at="2019-09-25T08:40:37Z" finished-at="2019-09-25T08:40:38Z">
    <groups>
      <group name="cucumber">
        <method signature="AbstractTestNGCucumberTests.feature(cucumber.api.testng.CucumberFeatureWrapper)[pri:0, instance:ustTest.UstRunner$edgeopsApiTestRunner@4b4523f8]" name="feature" class="cucumber.api.testng.AbstractTestNGCucumberTests"/>
      </group> <!-- cucumber -->
    </groups>
    <test name="Default test" duration-ms="917" started-at="2019-09-25T08:40:37Z" finished-at="2019-09-25T08:40:38Z">
      <class name="ustTest.UstRunner$edgeopsApiTestRunner">
        <test-method status="PASS" signature="setUpClass()[pri:0, instance:ustTest.UstRunner$edgeopsApiTestRunner@4b4523f8]" name="setUpClass" is-config="true" duration-ms="134" started-at="2019-09-25T14:10:37Z" finished-at="2019-09-25T14:10:37Z">
          <reporter-output>
          </reporter-output>
        </test-method> <!-- setUpClass -->
        <test-method status="PASS" signature="feature(cucumber.api.testng.CucumberFeatureWrapper)[pri:0, instance:ustTest.UstRunner$edgeopsApiTestRunner@4b4523f8]" name="feature" duration-ms="285" started-at="2019-09-25T14:10:37Z" description="Runs Cucumber Feature" data-provider="features" finished-at="2019-09-25T14:10:37Z">
          <params>
            <param index="0">
              <value>
                <![CDATA[Test Admin details]]>
              </value>
            </param>
          </params>
          <reporter-output>
          </reporter-output>
        </test-method> <!-- feature -->
        <test-method status="PASS" signature="feature(cucumber.api.testng.CucumberFeatureWrapper)[pri:0, instance:ustTest.UstRunner$edgeopsApiTestRunner@4b4523f8]" name="feature" duration-ms="12" started-at="2019-09-25T14:10:37Z" description="Runs Cucumber Feature" data-provider="features" finished-at="2019-09-25T14:10:37Z">
          <params>
            <param index="0">
              <value>
                <![CDATA[Test Finance Info]]>
              </value>
            </param>
          </params>
          <reporter-output>
          </reporter-output>
        </test-method> <!-- feature -->
        <test-method status="PASS" signature="feature(cucumber.api.testng.CucumberFeatureWrapper)[pri:0, instance:ustTest.UstRunner$edgeopsApiTestRunner@4b4523f8]" name="feature" duration-ms="4" started-at="2019-09-25T14:10:37Z" description="Runs Cucumber Feature" data-provider="features" finished-at="2019-09-25T14:10:37Z">
          <params>
            <param index="0">
              <value>
                <![CDATA[Testing]]>
              </value>
            </param>
          </params>
          <reporter-output>
          </reporter-output>
        </test-method> <!-- feature -->
        <test-method status="PASS" signature="feature(cucumber.api.testng.CucumberFeatureWrapper)[pri:0, instance:ustTest.UstRunner$edgeopsApiTestRunner@4b4523f8]" name="feature" duration-ms="3" started-at="2019-09-25T14:10:37Z" description="Runs Cucumber Feature" data-provider="features" finished-at="2019-09-25T14:10:37Z">
          <params>
            <param index="0">
              <value>
                <![CDATA[API Testing]]>
              </value>
            </param>
          </params>
          <reporter-output>
          </reporter-output>
        </test-method> <!-- feature -->
        <test-method status="PASS" signature="feature(cucumber.api.testng.CucumberFeatureWrapper)[pri:0, instance:ustTest.UstRunner$edgeopsApiTestRunner@4b4523f8]" name="feature" duration-ms="3" started-at="2019-09-25T14:10:37Z" description="Runs Cucumber Feature" data-provider="features" finished-at="2019-09-25T14:10:37Z">
          <params>
            <param index="0">
              <value>
                <![CDATA[Test Client Info]]>
              </value>
            </param>
          </params>
          <reporter-output>
          </reporter-output>
        </test-method> <!-- feature -->
        <test-method status="PASS" signature="feature(cucumber.api.testng.CucumberFeatureWrapper)[pri:0, instance:ustTest.UstRunner$edgeopsApiTestRunner@4b4523f8]" name="feature" duration-ms="4" started-at="2019-09-25T14:10:37Z" description="Runs Cucumber Feature" data-provider="features" finished-at="2019-09-25T14:10:37Z">
          <params>
            <param index="0">
              <value>
                <![CDATA[Test company details]]>
              </value>
            </param>
          </params>
          <reporter-output>
          </reporter-output>
        </test-method> <!-- feature -->
        <test-method status="PASS" signature="feature(cucumber.api.testng.CucumberFeatureWrapper)[pri:0, instance:ustTest.UstRunner$edgeopsApiTestRunner@4b4523f8]" name="feature" duration-ms="7" started-at="2019-09-25T14:10:37Z" description="Runs Cucumber Feature" data-provider="features" finished-at="2019-09-25T14:10:37Z">
          <params>
            <param index="0">
              <value>
                <![CDATA[Test customer details]]>
              </value>
            </param>
          </params>
          <reporter-output>
          </reporter-output>
        </test-method> <!-- feature -->
        <test-method status="FAIL" signature="feature(cucumber.api.testng.CucumberFeatureWrapper)[pri:0, instance:ustTest.UstRunner$edgeopsApiTestRunner@4b4523f8]" name="feature" duration-ms="11" started-at="2019-09-25T14:10:37Z" description="Runs Cucumber Feature" data-provider="features" finished-at="2019-09-25T14:10:37Z">
          <params>
            <param index="0">
              <value>
                <![CDATA[Test emp details]]>
              </value>
            </param>
          </params>
          <exception class="cucumber.runtime.CucumberException">
            <message>
              <![CDATA[org.testng.SkipException: skipped]]>
            </message>
            <full-stacktrace>
              <![CDATA[cucumber.runtime.CucumberException: org.testng.SkipException: skipped
	at cucumber.api.testng.TestNGCucumberRunner.runCucumber(TestNGCucumberRunner.java:69)
	at cucumber.api.testng.AbstractTestNGCucumberTests.feature(AbstractTestNGCucumberTests.java:21)
	at sun.reflect.NativeMethodAccessorImpl.invoke0(Native Method)
	at sun.reflect.NativeMethodAccessorImpl.invoke(NativeMethodAccessorImpl.java:62)
	at sun.reflect.DelegatingMethodAccessorImpl.invoke(DelegatingMethodAccessorImpl.java:43)
	at java.lang.reflect.Method.invoke(Method.java:498)
	at org.testng.internal.MethodInvocationHelper.invokeMethod(MethodInvocationHelper.java:86)
	at org.testng.internal.Invoker.invokeMethod(Invoker.java:643)
	at org.testng.internal.Invoker.invokeTestMethod(Invoker.java:820)
	at org.testng.internal.Invoker.invokeTestMethods(Invoker.java:1128)
	at org.testng.internal.TestMethodWorker.invokeTestMethods(TestMethodWorker.java:129)
	at org.testng.internal.TestMethodWorker.run(TestMethodWorker.java:112)
	at org.testng.TestRunner.privateRun(TestRunner.java:782)
	at org.testng.TestRunner.run(TestRunner.java:632)
	at org.testng.SuiteRunner.runTest(SuiteRunner.java:366)
	at org.testng.SuiteRunner.runSequentially(SuiteRunner.java:361)
	at org.testng.SuiteRunner.privateRun(SuiteRunner.java:319)
	at org.testng.SuiteRunner.run(SuiteRunner.java:268)
	at org.testng.SuiteRunnerWorker.runSuite(SuiteRunnerWorker.java:52)
	at org.testng.SuiteRunnerWorker.run(SuiteRunnerWorker.java:86)
	at org.testng.TestNG.runSuitesSequentially(TestNG.java:1244)
	at org.testng.TestNG.runSuitesLocally(TestNG.java:1169)
	at org.testng.TestNG.run(TestNG.java:1064)
	at org.testng.remote.AbstractRemoteTestNG.run(AbstractRemoteTestNG.java:115)
	at org.testng.remote.RemoteTestNG.initAndRun(RemoteTestNG.java:251)
	at org.testng.remote.RemoteTestNG.main(RemoteTestNG.java:77)
Caused by: org.testng.SkipException: skipped
	at ustdefinition.Definition.open_emp_deatils_Page(Definition.java:170)
	at ✽.Given open emp_deatils Page(employee_details.feature:5)
]]>
            </full-stacktrace>
          </exception> <!-- cucumber.runtime.CucumberException -->
          <reporter-output>
          </reporter-output>
        </test-method> <!-- feature -->
        <test-method status="FAIL" signature="feature(cucumber.api.testng.CucumberFeatureWrapper)[pri:0, instance:ustTest.UstRunner$edgeopsApiTestRunner@4b4523f8]" name="feature" duration-ms="6" started-at="2019-09-25T14:10:37Z" description="Runs Cucumber Feature" data-provider="features" finished-at="2019-09-25T14:10:37Z">
          <params>
            <param index="0">
              <value>
                <![CDATA[validate Amazon]]>
              </value>
            </param>
          </params>
          <exception class="cucumber.runtime.CucumberException">
            <message>
              <![CDATA[java.lang.AssertionError]]>
            </message>
            <full-stacktrace>
              <![CDATA[cucumber.runtime.CucumberException: java.lang.AssertionError
	at cucumber.api.testng.TestNGCucumberRunner.runCucumber(TestNGCucumberRunner.java:69)
	at cucumber.api.testng.AbstractTestNGCucumberTests.feature(AbstractTestNGCucumberTests.java:21)
	at sun.reflect.NativeMethodAccessorImpl.invoke0(Native Method)
	at sun.reflect.NativeMethodAccessorImpl.invoke(NativeMethodAccessorImpl.java:62)
	at sun.reflect.DelegatingMethodAccessorImpl.invoke(DelegatingMethodAccessorImpl.java:43)
	at java.lang.reflect.Method.invoke(Method.java:498)
	at org.testng.internal.MethodInvocationHelper.invokeMethod(MethodInvocationHelper.java:86)
	at org.testng.internal.Invoker.invokeMethod(Invoker.java:643)
	at org.testng.internal.Invoker.invokeTestMethod(Invoker.java:820)
	at org.testng.internal.Invoker.invokeTestMethods(Invoker.java:1128)
	at org.testng.internal.TestMethodWorker.invokeTestMethods(TestMethodWorker.java:129)
	at org.testng.internal.TestMethodWorker.run(TestMethodWorker.java:112)
	at org.testng.TestRunner.privateRun(TestRunner.java:782)
	at org.testng.TestRunner.run(TestRunner.java:632)
	at org.testng.SuiteRunner.runTest(SuiteRunner.java:366)
	at org.testng.SuiteRunner.runSequentially(SuiteRunner.java:361)
	at org.testng.SuiteRunner.privateRun(SuiteRunner.java:319)
	at org.testng.SuiteRunner.run(SuiteRunner.java:268)
	at org.testng.SuiteRunnerWorker.runSuite(SuiteRunnerWorker.java:52)
	at org.testng.SuiteRunnerWorker.run(SuiteRunnerWorker.java:86)
	at org.testng.TestNG.runSuitesSequentially(TestNG.java:1244)
	at org.testng.TestNG.runSuitesLocally(TestNG.java:1169)
	at org.testng.TestNG.run(TestNG.java:1064)
	at org.testng.remote.AbstractRemoteTestNG.run(AbstractRemoteTestNG.java:115)
	at org.testng.remote.RemoteTestNG.initAndRun(RemoteTestNG.java:251)
	at org.testng.remote.RemoteTestNG.main(RemoteTestNG.java:77)
Caused by: java.lang.AssertionError
	at org.junit.Assert.fail(Assert.java:86)
	at org.junit.Assert.assertTrue(Assert.java:41)
	at org.junit.Assert.assertTrue(Assert.java:52)
	at ustdefinition.Definition.should_open_HomePage(Definition.java:75)
	at ✽.Then should open HomePage(valid_Amazon.feature:6)
]]>
            </full-stacktrace>
          </exception> <!-- cucumber.runtime.CucumberException -->
          <reporter-output>
          </reporter-output>
        </test-method> <!-- feature -->
        <test-method status="PASS" signature="feature(cucumber.api.testng.CucumberFeatureWrapper)[pri:0, instance:ustTest.UstRunner$edgeopsApiTestRunner@4b4523f8]" name="feature" duration-ms="9" started-at="2019-09-25T14:10:37Z" description="Runs Cucumber Feature" data-provider="features" finished-at="2019-09-25T14:10:37Z">
          <params>
            <param index="0">
              <value>
                <![CDATA[validate UST]]>
              </value>
            </param>
          </params>
          <reporter-output>
          </reporter-output>
        </test-method> <!-- feature -->
        <test-method status="PASS" signature="tearDownClass()[pri:0, instance:ustTest.UstRunner$edgeopsApiTestRunner@4b4523f8]" name="tearDownClass" is-config="true" duration-ms="362" started-at="2019-09-25T14:10:37Z" finished-at="2019-09-25T14:10:38Z">
          <reporter-output>
          </reporter-output>
        </test-method> <!-- tearDownClass -->
      </class> <!-- ustTest.UstRunner$edgeopsApiTestRunner -->
    </test> <!-- Default test -->
  </suite> <!-- Default suite -->
</testng-results>
